<?xml version="1.0" encoding="UTF-8"?>
<!-- Generated by org.testng.reporters.JUnitReportReporter -->
<testsuite hostname="DESKTOP-NK5G42S" failures="0" tests="1" name="EtoE_Functionality.SwagLab" time="0.833" errors="0" timestamp="2023-06-17T11:49:03 IST" skipped="0">
  <testcase classname="EtoE_Functionality.SwagLab" name="addToCart" time="0.833"/>
  <system-out/>
</testsuite> <!-- EtoE_Functionality.SwagLab -->
